Before music thread
Frame: 0
Before genre
Genre: 2
n: 2
Frame: 1
Frame: 2
Frame: 3
Frame: 4
Frame: 5
Frame: 6
Frame: 7
Frame: 8
Frame: 9
After PlaySound
Frame: 10
Frame: 11
Frame: 12
Frame: 13
Frame: 14
Frame: 15
Frame: 16
Frame: 17
Frame: 18
Frame: 28
Frame: 29
Frame: 30
Frame: 31
Frame: 32
Frame: 33
Frame: 34
Frame: 35
Frame: 36
Frame: 37
Frame: 38
Frame: 39
Frame: 40
Frame: 41
Frame: 51
Frame: 52
Frame: 53
Frame: 54
Frame: 55
Frame: 56
Frame: 57
Frame: 58
Frame: 59
Frame: 60
Already slept for 5920 seconds
Pausing
Paused
Frame: 68
Before genre
Genre: 2
n: 4
Frame: 69
Frame: 70
After PlaySound
Frame: 71
Frame: 72
Frame: 73
Frame: 74
Frame: 81
Frame: 82
Frame: 83
Frame: 84
Frame: 85
Frame: 89
Frame: 90
Frame: 91
Frame: 92
Frame: 97
Frame: 98
Frame: 99
Frame: 100
Frame: 101
Frame: 102
Already slept for 5920 seconds
Pausing
Paused
